<?xml version="1.0" encoding="UTF-8"?>
<!-- Generated by org.testng.reporters.JUnitXMLReporter -->
<testsuite hostname="WINDOWS-NB3PS9D" name="Default test" tests="7" failures="0" timestamp="22 Sep 2015 17:23:58 GMT" time="7.079" errors="0">
  <testcase name="getSalesOrderService" time="0.016" classname="mystore.SalesOrderServiceTest"/>
  <testcase name="testCreateSalesOrder" time="0.297" classname="mystore.SalesOrderServiceTest"/>
  <testcase name="getCatalogService" time="0.016" classname="mystore.SalesOrderServiceTest"/>
  <testcase name="cancelSalesOrder" time="0.062" classname="mystore.SalesOrderServiceTest"/>
  <testcase name="testAddLineItem" time="0.047" classname="mystore.SalesOrderServiceTest"/>
  <testcase name="testRetrieveSalesOrder" time="0.016" classname="mystore.SalesOrderServiceTest"/>
  <testcase name="testRemoveLineItem" time="0.062" classname="mystore.SalesOrderServiceTest"/>
</testsuite> <!-- Default test -->
