<?xml version="1.0" encoding="UTF-8"?>
<testng-results skipped="0" failed="0" total="7" passed="7">
  <reporter-output>
  </reporter-output>
  <suite name="Default suite" duration-ms="6932" started-at="2015-09-23T15:38:53Z" finished-at="2015-09-23T15:39:00Z">
    <groups>
    </groups>
    <test name="Default test" duration-ms="6932" started-at="2015-09-23T15:38:53Z" finished-at="2015-09-23T15:39:00Z">
      <class name="mystore.SalesOrderServiceTest">
        <test-method status="PASS" signature="springTestContextPrepareTestInstance()[pri:0, instance:mystore.SalesOrderServiceTest@6ec8211c]" name="springTestContextPrepareTestInstance" is-config="true" duration-ms="6267" started-at="2015-09-23T09:38:53Z" depends-on-methods="org.springframework.test.context.testng.AbstractTestNGSpringContextTests.springTestContextBeforeTestClass" finished-at="2015-09-23T09:38:59Z">
          <reporter-output>
          </reporter-output>
        </test-method> <!-- springTestContextPrepareTestInstance -->
        <test-method status="PASS" signature="springTestContextBeforeTestClass()[pri:0, instance:mystore.SalesOrderServiceTest@6ec8211c]" name="springTestContextBeforeTestClass" is-config="true" duration-ms="0" started-at="2015-09-23T09:38:53Z" finished-at="2015-09-23T09:38:53Z">
          <reporter-output>
          </reporter-output>
        </test-method> <!-- springTestContextBeforeTestClass -->
        <test-method status="PASS" signature="getSalesOrderService()[pri:0, instance:mystore.SalesOrderServiceTest@6ec8211c]" name="getSalesOrderService" duration-ms="16" started-at="2015-09-23T09:38:59Z" finished-at="2015-09-23T09:38:59Z">
          <reporter-output>
          </reporter-output>
        </test-method> <!-- getSalesOrderService -->
        <test-method status="PASS" signature="springTestContextBeforeTestMethod(java.lang.reflect.Method)[pri:0, instance:mystore.SalesOrderServiceTest@6ec8211c]" name="springTestContextBeforeTestMethod" is-config="true" duration-ms="0" started-at="2015-09-23T09:38:59Z" finished-at="2015-09-23T09:38:59Z">
          <params>
            <param index="0">
              <value>
                <![CDATA[public void mystore.SalesOrderServiceTest.getSalesOrderService()]]>
              </value>
            </param>
          </params>
          <reporter-output>
          </reporter-output>
        </test-method> <!-- springTestContextBeforeTestMethod -->
        <test-method status="PASS" signature="springTestContextBeforeTestMethod(java.lang.reflect.Method)[pri:0, instance:mystore.SalesOrderServiceTest@6ec8211c]" name="springTestContextBeforeTestMethod" is-config="true" duration-ms="0" started-at="2015-09-23T09:38:59Z" finished-at="2015-09-23T09:38:59Z">
          <params>
            <param index="0">
              <value>
                <![CDATA[public void mystore.SalesOrderServiceTest.testCreateSalesOrder() throws java.lang.Exception]]>
              </value>
            </param>
          </params>
          <reporter-output>
          </reporter-output>
        </test-method> <!-- springTestContextBeforeTestMethod -->
        <test-method status="PASS" signature="testCreateSalesOrder()[pri:0, instance:mystore.SalesOrderServiceTest@6ec8211c]" name="testCreateSalesOrder" duration-ms="331" started-at="2015-09-23T09:38:59Z" finished-at="2015-09-23T09:39:00Z">
          <reporter-output>
          </reporter-output>
        </test-method> <!-- testCreateSalesOrder -->
        <test-method status="PASS" signature="springTestContextAfterTestMethod(java.lang.reflect.Method)[pri:0, instance:mystore.SalesOrderServiceTest@6ec8211c]" name="springTestContextAfterTestMethod" is-config="true" duration-ms="0" started-at="2015-09-23T09:38:59Z" finished-at="2015-09-23T09:38:59Z">
          <params>
            <param index="0">
              <value>
                <![CDATA[public void mystore.SalesOrderServiceTest.getSalesOrderService()]]>
              </value>
            </param>
          </params>
          <reporter-output>
          </reporter-output>
        </test-method> <!-- springTestContextAfterTestMethod -->
        <test-method status="PASS" signature="springTestContextAfterTestMethod(java.lang.reflect.Method)[pri:0, instance:mystore.SalesOrderServiceTest@6ec8211c]" name="springTestContextAfterTestMethod" is-config="true" duration-ms="0" started-at="2015-09-23T09:39:00Z" finished-at="2015-09-23T09:39:00Z">
          <params>
            <param index="0">
              <value>
                <![CDATA[public void mystore.SalesOrderServiceTest.getCatalogService()]]>
              </value>
            </param>
          </params>
          <reporter-output>
          </reporter-output>
        </test-method> <!-- springTestContextAfterTestMethod -->
        <test-method status="PASS" signature="springTestContextBeforeTestMethod(java.lang.reflect.Method)[pri:0, instance:mystore.SalesOrderServiceTest@6ec8211c]" name="springTestContextBeforeTestMethod" is-config="true" duration-ms="0" started-at="2015-09-23T09:39:00Z" finished-at="2015-09-23T09:39:00Z">
          <params>
            <param index="0">
              <value>
                <![CDATA[public void mystore.SalesOrderServiceTest.getCatalogService()]]>
              </value>
            </param>
          </params>
          <reporter-output>
          </reporter-output>
        </test-method> <!-- springTestContextBeforeTestMethod -->
        <test-method status="PASS" signature="springTestContextAfterTestMethod(java.lang.reflect.Method)[pri:0, instance:mystore.SalesOrderServiceTest@6ec8211c]" name="springTestContextAfterTestMethod" is-config="true" duration-ms="0" started-at="2015-09-23T09:39:00Z" finished-at="2015-09-23T09:39:00Z">
          <params>
            <param index="0">
              <value>
                <![CDATA[public void mystore.SalesOrderServiceTest.testCreateSalesOrder() throws java.lang.Exception]]>
              </value>
            </param>
          </params>
          <reporter-output>
          </reporter-output>
        </test-method> <!-- springTestContextAfterTestMethod -->
        <test-method status="PASS" signature="getCatalogService()[pri:0, instance:mystore.SalesOrderServiceTest@6ec8211c]" name="getCatalogService" duration-ms="0" started-at="2015-09-23T09:39:00Z" finished-at="2015-09-23T09:39:00Z">
          <reporter-output>
          </reporter-output>
        </test-method> <!-- getCatalogService -->
        <test-method status="PASS" signature="springTestContextBeforeTestMethod(java.lang.reflect.Method)[pri:0, instance:mystore.SalesOrderServiceTest@6ec8211c]" name="springTestContextBeforeTestMethod" is-config="true" duration-ms="0" started-at="2015-09-23T09:39:00Z" finished-at="2015-09-23T09:39:00Z">
          <params>
            <param index="0">
              <value>
                <![CDATA[public void mystore.SalesOrderServiceTest.cancelSalesOrder()]]>
              </value>
            </param>
          </params>
          <reporter-output>
          </reporter-output>
        </test-method> <!-- springTestContextBeforeTestMethod -->
        <test-method status="PASS" signature="cancelSalesOrder()[pri:0, instance:mystore.SalesOrderServiceTest@6ec8211c]" name="cancelSalesOrder" duration-ms="111" started-at="2015-09-23T09:39:00Z" depends-on-methods="mystore.SalesOrderServiceTest.testCreateSalesOrder" finished-at="2015-09-23T09:39:00Z">
          <reporter-output>
          </reporter-output>
        </test-method> <!-- cancelSalesOrder -->
        <test-method status="PASS" signature="testAddLineItem()[pri:0, instance:mystore.SalesOrderServiceTest@6ec8211c]" name="testAddLineItem" duration-ms="67" started-at="2015-09-23T09:39:00Z" depends-on-methods="mystore.SalesOrderServiceTest.testCreateSalesOrder" finished-at="2015-09-23T09:39:00Z">
          <reporter-output>
          </reporter-output>
        </test-method> <!-- testAddLineItem -->
        <test-method status="PASS" signature="springTestContextBeforeTestMethod(java.lang.reflect.Method)[pri:0, instance:mystore.SalesOrderServiceTest@6ec8211c]" name="springTestContextBeforeTestMethod" is-config="true" duration-ms="0" started-at="2015-09-23T09:39:00Z" finished-at="2015-09-23T09:39:00Z">
          <params>
            <param index="0">
              <value>
                <![CDATA[public void mystore.SalesOrderServiceTest.testAddLineItem() throws java.lang.Exception]]>
              </value>
            </param>
          </params>
          <reporter-output>
          </reporter-output>
        </test-method> <!-- springTestContextBeforeTestMethod -->
        <test-method status="PASS" signature="springTestContextAfterTestMethod(java.lang.reflect.Method)[pri:0, instance:mystore.SalesOrderServiceTest@6ec8211c]" name="springTestContextAfterTestMethod" is-config="true" duration-ms="0" started-at="2015-09-23T09:39:00Z" finished-at="2015-09-23T09:39:00Z">
          <params>
            <param index="0">
              <value>
                <![CDATA[public void mystore.SalesOrderServiceTest.cancelSalesOrder()]]>
              </value>
            </param>
          </params>
          <reporter-output>
          </reporter-output>
        </test-method> <!-- springTestContextAfterTestMethod -->
        <test-method status="PASS" signature="springTestContextAfterTestMethod(java.lang.reflect.Method)[pri:0, instance:mystore.SalesOrderServiceTest@6ec8211c]" name="springTestContextAfterTestMethod" is-config="true" duration-ms="0" started-at="2015-09-23T09:39:00Z" finished-at="2015-09-23T09:39:00Z">
          <params>
            <param index="0">
              <value>
                <![CDATA[public void mystore.SalesOrderServiceTest.testAddLineItem() throws java.lang.Exception]]>
              </value>
            </param>
          </params>
          <reporter-output>
          </reporter-output>
        </test-method> <!-- springTestContextAfterTestMethod -->
        <test-method status="PASS" signature="testRetrieveSalesOrder()[pri:0, instance:mystore.SalesOrderServiceTest@6ec8211c]" name="testRetrieveSalesOrder" duration-ms="15" started-at="2015-09-23T09:39:00Z" depends-on-methods="mystore.SalesOrderServiceTest.testCreateSalesOrder" finished-at="2015-09-23T09:39:00Z">
          <reporter-output>
          </reporter-output>
        </test-method> <!-- testRetrieveSalesOrder -->
        <test-method status="PASS" signature="springTestContextBeforeTestMethod(java.lang.reflect.Method)[pri:0, instance:mystore.SalesOrderServiceTest@6ec8211c]" name="springTestContextBeforeTestMethod" is-config="true" duration-ms="0" started-at="2015-09-23T09:39:00Z" finished-at="2015-09-23T09:39:00Z">
          <params>
            <param index="0">
              <value>
                <![CDATA[public void mystore.SalesOrderServiceTest.testRetrieveSalesOrder()]]>
              </value>
            </param>
          </params>
          <reporter-output>
          </reporter-output>
        </test-method> <!-- springTestContextBeforeTestMethod -->
        <test-method status="PASS" signature="testRemoveLineItem()[pri:0, instance:mystore.SalesOrderServiceTest@6ec8211c]" name="testRemoveLineItem" duration-ms="107" started-at="2015-09-23T09:39:00Z" depends-on-methods="mystore.SalesOrderServiceTest.testAddLineItem" finished-at="2015-09-23T09:39:00Z">
          <reporter-output>
          </reporter-output>
        </test-method> <!-- testRemoveLineItem -->
        <test-method status="PASS" signature="springTestContextAfterTestMethod(java.lang.reflect.Method)[pri:0, instance:mystore.SalesOrderServiceTest@6ec8211c]" name="springTestContextAfterTestMethod" is-config="true" duration-ms="0" started-at="2015-09-23T09:39:00Z" finished-at="2015-09-23T09:39:00Z">
          <params>
            <param index="0">
              <value>
                <![CDATA[public void mystore.SalesOrderServiceTest.testRetrieveSalesOrder()]]>
              </value>
            </param>
          </params>
          <reporter-output>
          </reporter-output>
        </test-method> <!-- springTestContextAfterTestMethod -->
        <test-method status="PASS" signature="springTestContextBeforeTestMethod(java.lang.reflect.Method)[pri:0, instance:mystore.SalesOrderServiceTest@6ec8211c]" name="springTestContextBeforeTestMethod" is-config="true" duration-ms="0" started-at="2015-09-23T09:39:00Z" finished-at="2015-09-23T09:39:00Z">
          <params>
            <param index="0">
              <value>
                <![CDATA[public void mystore.SalesOrderServiceTest.testRemoveLineItem() throws java.lang.Exception]]>
              </value>
            </param>
          </params>
          <reporter-output>
          </reporter-output>
        </test-method> <!-- springTestContextBeforeTestMethod -->
        <test-method status="PASS" signature="springTestContextAfterTestMethod(java.lang.reflect.Method)[pri:0, instance:mystore.SalesOrderServiceTest@6ec8211c]" name="springTestContextAfterTestMethod" is-config="true" duration-ms="0" started-at="2015-09-23T09:39:00Z" finished-at="2015-09-23T09:39:00Z">
          <params>
            <param index="0">
              <value>
                <![CDATA[public void mystore.SalesOrderServiceTest.testRemoveLineItem() throws java.lang.Exception]]>
              </value>
            </param>
          </params>
          <reporter-output>
          </reporter-output>
        </test-method> <!-- springTestContextAfterTestMethod -->
        <test-method status="PASS" signature="springTestContextAfterTestClass()[pri:0, instance:mystore.SalesOrderServiceTest@6ec8211c]" name="springTestContextAfterTestClass" is-config="true" duration-ms="0" started-at="2015-09-23T09:39:00Z" finished-at="2015-09-23T09:39:00Z">
          <reporter-output>
          </reporter-output>
        </test-method> <!-- springTestContextAfterTestClass -->
      </class> <!-- mystore.SalesOrderServiceTest -->
    </test> <!-- Default test -->
  </suite> <!-- Default suite -->
</testng-results>
